<?xml version="1.0" encoding="UTF-8"?>
<!-- Generated by org.testng.reporters.JUnitReportReporter -->
<testsuite hostname="CC-Girish" failures="0" tests="1" name="com.api.tests.Delete" time="2.043" errors="0" timestamp="2023-03-21T20:47:00 EDT" skipped="0">
  <testcase classname="com.api.tests.Delete" name="delTest" time="2.043"/>
  <system-out/>
</testsuite> <!-- com.api.tests.Delete -->
