<?xml version="1.0" encoding="UTF-8"?>
<!-- Generated by org.testng.reporters.JUnitReportReporter -->
<testsuite hostname="CC-Girish" failures="0" tests="8" name="com.api.tests.Get" time="1.928" errors="0" timestamp="2023-03-22T11:14:30 EDT" skipped="7">
  <testcase classname="com.api.tests.Get" name="getBooking" time="1.928"/>
  <system-out/>
  <testcase classname="com.api.tests.Get" name="getXmlResponse">
    <skipped/>
  </testcase> <!-- getXmlResponse -->
  <system-out/>
  <testcase classname="com.api.tests.Get" name="lazyTest">
    <skipped/>
  </testcase> <!-- lazyTest -->
  <system-out/>
  <testcase classname="com.api.tests.Get" name="getTestWithParams">
    <skipped/>
  </testcase> <!-- getTestWithParams -->
  <system-out/>
  <testcase classname="com.api.tests.Get" name="grabbingOtherResponseParameters">
    <skipped/>
  </testcase> <!-- grabbingOtherResponseParameters -->
  <system-out/>
  <testcase classname="com.api.tests.Get" name="getCookiesFromResponse">
    <skipped/>
  </testcase> <!-- getCookiesFromResponse -->
  <system-out/>
  <testcase classname="com.api.tests.Get" name="getTestXpath">
    <skipped/>
  </testcase> <!-- getTestXpath -->
  <system-out/>
  <testcase classname="com.api.tests.Get" name="getTest">
    <skipped/>
  </testcase> <!-- getTest -->
  <system-out/>
</testsuite> <!-- com.api.tests.Get -->
