<?xml version="1.0" encoding="UTF-8"?>
<!-- Generated by org.testng.reporters.JUnitReportReporter -->
<testsuite hostname="CC-Girish" failures="0" tests="1" name="com.api.tests.Put" time="3.509" errors="0" timestamp="2023-03-22T10:14:56 EDT" skipped="0">
  <testcase classname="com.api.tests.Put" name="putTest" time="3.509"/>
  <system-out/>
</testsuite> <!-- com.api.tests.Put -->
